"../../../Engine/Content/Animation/DefaultAnimBoneCompressionSettings.uasset" 0
"../../../Engine/Content/Animation/DefaultAnimBoneCompressionSettings.uexp" 1
"../../../Engine/Content/Animation/DefaultAnimCurveCompressionSettings.uasset" 2
"../../../Engine/Content/Animation/DefaultAnimCurveCompressionSettings.uexp" 3
"../../../Engine/Content/EngineMaterials/T_Default_Material_Grid_N.uasset" 4
"../../../Engine/Content/EngineMaterials/T_Default_Material_Grid_N.uexp" 5
"../../../Engine/Content/EngineMaterials/T_Default_Material_Grid_N.ubulk" 6
"../../../Engine/Content/EngineMaterials/T_Default_Material_Grid_M.uasset" 7
"../../../Engine/Content/EngineMaterials/T_Default_Material_Grid_M.uexp" 8
"../../../Engine/Content/EngineMaterials/T_Default_Material_Grid_M.ubulk" 9
"../../../Engine/Content/Functions/Engine_MaterialFunctions01/Opacity/CameraDepthFade.uasset" 10
"../../../Engine/Content/Functions/Engine_MaterialFunctions01/Opacity/CameraDepthFade.uexp" 11
"../../../Engine/Content/EngineMaterials/WorldGridMaterial.uasset" 12
"../../../Engine/Content/EngineMaterials/WorldGridMaterial.uexp" 13
"../../../Engine/Content/ArtTools/RenderToTexture/Meshes/S_1_Unit_Plane.uasset" 14
"../../../Engine/Content/ArtTools/RenderToTexture/Meshes/S_1_Unit_Plane.uexp" 15
"../../../Engine/Content/EngineMaterials/DefaultMaterial.uasset" 16
"../../../Engine/Content/EngineMaterials/DefaultMaterial.uexp" 17
"../../../Engine/Content/BasicShapes/Cone.uasset" 18
"../../../Engine/Content/BasicShapes/Cone.uexp" 19
"../../../Engine/Content/BasicShapes/Cube.uasset" 20
"../../../Engine/Content/BasicShapes/Cube.uexp" 21
"../../../Engine/Content/BasicShapes/Plane.uasset" 22
"../../../Engine/Content/BasicShapes/Plane.uexp" 23
"../../../Engine/Content/BasicShapes/Sphere.uasset" 24
"../../../Engine/Content/BasicShapes/Sphere.uexp" 25
"../../../Engine/Content/EditorLandscapeResources/DataLayer.uasset" 26
"../../../Engine/Content/EditorLandscapeResources/DataLayer.uexp" 27
"../../../Engine/Content/EditorLandscapeResources/DefaultAlphaTexture.uasset" 28
"../../../Engine/Content/EditorLandscapeResources/DefaultAlphaTexture.uexp" 29
"../../../Engine/Content/EditorMaterials/MAT_Groups_Toggle.uasset" 30
"../../../Engine/Content/EditorMaterials/MAT_Groups_Toggle.uexp" 31
"../../../Engine/Content/EditorMaterials/MAT_Groups_Visibility.uasset" 32
"../../../Engine/Content/EditorMaterials/MAT_Groups_Visibility.uexp" 33
"../../../Engine/Content/EditorMaterials/PreviewShadowIndicator.uasset" 34
"../../../Engine/Content/EditorMaterials/PreviewShadowIndicator.uexp" 35
"../../../Engine/Content/EditorMaterials/PreviewShadowIndicator.ubulk" 36
"../../../Engine/Content/EditorMaterials/PreviewShadowIndicatorMaterial.uasset" 37
"../../../Engine/Content/EditorMaterials/PreviewShadowIndicatorMaterial.uexp" 38
"../../../Engine/Content/EditorMaterials/MatineeGroups/MAT_ColorTrack.uasset" 39
"../../../Engine/Content/EditorMaterials/MatineeGroups/MAT_ColorTrack.uexp" 40
"../../../Engine/Content/EditorMaterials/MatineeGroups/MAT_Groups_Anim.uasset" 41
"../../../Engine/Content/EditorMaterials/MatineeGroups/MAT_Groups_Anim.uexp" 42
"../../../Engine/Content/EditorMaterials/MatineeGroups/MAT_Groups_AudioMaster.uasset" 43
"../../../Engine/Content/EditorMaterials/MatineeGroups/MAT_Groups_AudioMaster.uexp" 44
"../../../Engine/Content/EditorMaterials/MatineeGroups/MAT_Groups_Director.uasset" 45
"../../../Engine/Content/EditorMaterials/MatineeGroups/MAT_Groups_Director.uexp" 46
"../../../Engine/Content/EditorMaterials/MatineeGroups/MAT_Groups_Event.uasset" 47
"../../../Engine/Content/EditorMaterials/MatineeGroups/MAT_Groups_Event.uexp" 48
"../../../Engine/Content/EditorMaterials/MatineeGroups/MAT_Groups_Fade.uasset" 49
"../../../Engine/Content/EditorMaterials/MatineeGroups/MAT_Groups_Fade.uexp" 50
"../../../Engine/Content/EditorMaterials/MatineeGroups/MAT_Groups_Float.uasset" 51
"../../../Engine/Content/EditorMaterials/MatineeGroups/MAT_Groups_Float.uexp" 52
"../../../Engine/Content/EditorMaterials/MatineeGroups/MAT_Groups_Move.uasset" 53
"../../../Engine/Content/EditorMaterials/MatineeGroups/MAT_Groups_Move.uexp" 54
"../../../Engine/Content/EditorMaterials/MatineeGroups/MAT_Groups_Slomo.uasset" 55
"../../../Engine/Content/EditorMaterials/MatineeGroups/MAT_Groups_Slomo.uexp" 56
"../../../Engine/Content/EditorMaterials/MatineeGroups/MAT_Groups_Sound.uasset" 57
"../../../Engine/Content/EditorMaterials/MatineeGroups/MAT_Groups_Sound.uexp" 58
"../../../Engine/Content/EditorMaterials/MatineeGroups/MAT_Groups_Vector.uasset" 59
"../../../Engine/Content/EditorMaterials/MatineeGroups/MAT_Groups_Vector.uexp" 60
"../../../Engine/Content/EditorMaterials/ParticleSystems/PSysThumbnail_NoImage.uasset" 61
"../../../Engine/Content/EditorMaterials/ParticleSystems/PSysThumbnail_NoImage.uexp" 62
"../../../Engine/Content/EditorMaterials/ParticleSystems/PSysThumbnail_NoImage.ubulk" 63
"../../../Engine/Content/EditorMaterials/ParticleSystems/PSysThumbnail_OOD.uasset" 64
"../../../Engine/Content/EditorMaterials/ParticleSystems/PSysThumbnail_OOD.uexp" 65
"../../../Engine/Content/EditorMaterials/ParticleSystems/PSysThumbnail_OOD.ubulk" 66
"../../../Engine/Content/EditorMaterials/Camera/CineMat.uasset" 67
"../../../Engine/Content/EditorMaterials/Camera/CineMat.uexp" 68
"../../../Engine/Content/EditorMaterials/Camera/MI_CineMat_Rig.uasset" 69
"../../../Engine/Content/EditorMaterials/Camera/MI_CineMat_Rig.uexp" 70
"../../../Engine/Content/EditorMeshes/Camera/SM_CraneRig_Arm.uasset" 71
"../../../Engine/Content/EditorMeshes/Camera/SM_CraneRig_Arm.uexp" 72
"../../../Engine/Content/EditorMeshes/Camera/SM_CraneRig_Base.uasset" 73
"../../../Engine/Content/EditorMeshes/Camera/SM_CraneRig_Base.uexp" 74
"../../../Engine/Content/EditorMeshes/Camera/SM_CraneRig_Body.uasset" 75
"../../../Engine/Content/EditorMeshes/Camera/SM_CraneRig_Body.uexp" 76
"../../../Engine/Content/EditorMeshes/Camera/SM_CraneRig_Mount.uasset" 77
"../../../Engine/Content/EditorMeshes/Camera/SM_CraneRig_Mount.uexp" 78
"../../../Engine/Content/EditorMeshes/Camera/SM_RailRig_Mount.uasset" 79
"../../../Engine/Content/EditorMeshes/Camera/SM_RailRig_Mount.uexp" 80
"../../../Engine/Content/EditorMeshes/Camera/SM_RailRig_Track.uasset" 81
"../../../Engine/Content/EditorMeshes/Camera/SM_RailRig_Track.uexp" 82
"../../../Engine/Content/EditorResources/BSPVertex.uasset" 83
"../../../Engine/Content/EditorResources/BSPVertex.uexp" 84
"../../../Engine/Content/EditorResources/EmptyActor.uasset" 85
"../../../Engine/Content/EditorResources/EmptyActor.uexp" 86
"../../../Engine/Content/EditorResources/S_Actor.uasset" 87
"../../../Engine/Content/EditorResources/S_Actor.uexp" 88
"../../../Engine/Content/EditorResources/S_Actor.ubulk" 89
"../../../Engine/Content/EditorResources/S_Note.uasset" 90
"../../../Engine/Content/EditorResources/S_Note.uexp" 91
"../../../Engine/Content/EditorResources/S_Note.ubulk" 92
"../../../Engine/Content/EditorResources/S_Solver.uasset" 93
"../../../Engine/Content/EditorResources/S_Solver.uexp" 94
"../../../Engine/Content/EditorResources/S_Solver.ubulk" 95
"../../../Engine/Content/EditorResources/S_Terrain.uasset" 96
"../../../Engine/Content/EditorResources/S_Terrain.uexp" 97
"../../../Engine/Content/EditorResources/S_Terrain.ubulk" 98
"../../../Engine/Content/EditorResources/S_Trigger.uasset" 99
"../../../Engine/Content/EditorResources/S_Trigger.uexp" 100
"../../../Engine/Content/EditorResources/S_Trigger.ubulk" 101
"../../../Engine/Content/EditorResources/LightIcons/S_LightError.uasset" 102
"../../../Engine/Content/EditorResources/LightIcons/S_LightError.uexp" 103
"../../../Engine/Content/EditorResources/SequenceRecorder/Countdown.uasset" 104
"../../../Engine/Content/EditorResources/SequenceRecorder/Countdown.uexp" 105
"../../../Engine/Content/EditorResources/SequenceRecorder/RecordingIndicator.uasset" 106
"../../../Engine/Content/EditorResources/SequenceRecorder/RecordingIndicator.uexp" 107
"../../../Engine/Content/EngineDamageTypes/DmgTypeBP_Environmental.uasset" 108
"../../../Engine/Content/EngineDamageTypes/DmgTypeBP_Environmental.uexp" 109
"../../../Engine/Content/EngineDebugMaterials/DebugEditorMaterial.uasset" 110
"../../../Engine/Content/EngineDebugMaterials/DebugEditorMaterial.uexp" 111
"../../../Engine/Content/EngineDebugMaterials/DebugMeshMaterial.uasset" 112
"../../../Engine/Content/EngineDebugMaterials/DebugMeshMaterial.uexp" 113
"../../../Engine/Content/EngineDebugMaterials/M_SimpleUnlitTranslucent.uasset" 114
"../../../Engine/Content/EngineDebugMaterials/M_SimpleUnlitTranslucent.uexp" 115
"../../../Engine/Content/Functions/Engine_MaterialFunctions02/Utility/CameraDirectionVector.uasset" 116
"../../../Engine/Content/Functions/Engine_MaterialFunctions02/Utility/CameraDirectionVector.uexp" 117
"../../../Engine/Content/EngineDebugMaterials/VolumeToRender.uasset" 118
"../../../Engine/Content/EngineDebugMaterials/VolumeToRender.uexp" 119
"../../../Engine/Content/EngineDebugMaterials/M_VolumeRenderSphereTracePP.uasset" 120
"../../../Engine/Content/EngineDebugMaterials/M_VolumeRenderSphereTracePP.uexp" 121
"../../../Engine/Content/Functions/Engine_MaterialFunctions01/Shading/ConvertFromDiffSpec.uasset" 122
"../../../Engine/Content/Functions/Engine_MaterialFunctions01/Shading/ConvertFromDiffSpec.uexp" 123
"../../../Engine/Content/EngineDebugMaterials/VertexColorMaterial.uasset" 124
"../../../Engine/Content/EngineDebugMaterials/VertexColorMaterial.uexp" 125
"../../../Engine/Content/EngineDebugMaterials/WireframeMaterial.uasset" 126
"../../../Engine/Content/EngineDebugMaterials/WireframeMaterial.uexp" 127
"../../../Engine/Content/EngineFonts/Faces/RobotoRegular.uasset" 128
"../../../Engine/Content/EngineFonts/Faces/RobotoRegular.uexp" 129
"../../../Engine/Content/EngineFonts/Faces/RobotoRegular.ufont" 130
"../../../Engine/Content/EngineFonts/Faces/RobotoLight.uasset" 131
"../../../Engine/Content/EngineFonts/Faces/RobotoLight.uexp" 132
"../../../Engine/Content/EngineFonts/Faces/RobotoLight.ufont" 133
"../../../Engine/Content/EngineFonts/Faces/RobotoItalic.uasset" 134
"../../../Engine/Content/EngineFonts/Faces/RobotoItalic.uexp" 135
"../../../Engine/Content/EngineFonts/Faces/RobotoItalic.ufont" 136
"../../../Engine/Content/EngineFonts/Faces/RobotoBoldItalic.uasset" 137
"../../../Engine/Content/EngineFonts/Faces/RobotoBoldItalic.uexp" 138
"../../../Engine/Content/EngineFonts/Faces/RobotoBoldItalic.ufont" 139
"../../../Engine/Content/EngineFonts/Faces/RobotoBold.uasset" 140
"../../../Engine/Content/EngineFonts/Faces/RobotoBold.uexp" 141
"../../../Engine/Content/EngineFonts/Faces/RobotoBold.ufont" 142
"../../../Engine/Content/EngineFonts/Faces/DroidSansFallback.uasset" 143
"../../../Engine/Content/EngineFonts/Faces/DroidSansFallback.uexp" 144
"../../../Engine/Content/EngineFonts/Faces/DroidSansFallback.ufont" 145
"../../../Engine/Content/EngineFonts/Roboto.uasset" 146
"../../../Engine/Content/EngineFonts/Roboto.uexp" 147
"../../../Engine/Content/EngineMaterials/BaseFlattenNormalMap.uasset" 148
"../../../Engine/Content/EngineMaterials/BaseFlattenNormalMap.uexp" 149
"../../../Engine/Content/EngineMaterials/BaseFlattenGrayscaleMap.uasset" 150
"../../../Engine/Content/EngineMaterials/BaseFlattenGrayscaleMap.uexp" 151
"../../../Engine/Content/EngineMaterials/BaseFlattenEmissiveMap.uasset" 152
"../../../Engine/Content/EngineMaterials/BaseFlattenEmissiveMap.uexp" 153
"../../../Engine/Content/EngineMaterials/BaseFlattenDiffuseMap.uasset" 154
"../../../Engine/Content/EngineMaterials/BaseFlattenDiffuseMap.uexp" 155
"../../../Engine/Content/EngineMaterials/BaseFlattenMaterial.uasset" 156
"../../../Engine/Content/EngineMaterials/BaseFlattenMaterial.uexp" 157
"../../../Engine/Content/EngineMaterials/BlueNoise.uasset" 158
"../../../Engine/Content/EngineMaterials/BlueNoise.uexp" 159
"../../../Engine/Content/EngineMaterials/DefaultBloomKernel.uasset" 160
"../../../Engine/Content/EngineMaterials/DefaultBloomKernel.uexp" 161
"../../../Engine/Content/EngineMaterials/DefaultBokeh.uasset" 162
"../../../Engine/Content/EngineMaterials/DefaultBokeh.uexp" 163
"../../../Engine/Content/EngineMaterials/DefaultDiffuse.uasset" 164
"../../../Engine/Content/EngineMaterials/DefaultDiffuse.uexp" 165
"../../../Engine/Content/EngineMaterials/DefaultDiffuse.ubulk" 166
"../../../Engine/Content/EngineMaterials/DefaultDeferredDecalMaterial.uasset" 167
"../../../Engine/Content/EngineMaterials/DefaultDeferredDecalMaterial.uexp" 168
"../../../Engine/Content/EngineMaterials/DefaultLightFunctionMaterial.uasset" 169
"../../../Engine/Content/EngineMaterials/DefaultLightFunctionMaterial.uexp" 170
"../../../Engine/Content/EngineMaterials/DefaultPhysicalMaterial.uasset" 171
"../../../Engine/Content/EngineMaterials/DefaultPhysicalMaterial.uexp" 172
"../../../Engine/Content/Functions/Engine_MaterialFunctions02/Utility/BreakOutFloat2Components.uasset" 173
"../../../Engine/Content/Functions/Engine_MaterialFunctions02/Utility/BreakOutFloat2Components.uexp" 174
"../../../Engine/Content/EngineMaterials/DefaultPostProcessMaterial.uasset" 175
"../../../Engine/Content/EngineMaterials/DefaultPostProcessMaterial.uexp" 176
"../../../Engine/Content/EngineFonts/RobotoDistanceField.uasset" 177
"../../../Engine/Content/EngineFonts/RobotoDistanceField.uexp" 178
"../../../Engine/Content/EngineMaterials/DefaultTextMaterialOpaque.uasset" 179
"../../../Engine/Content/EngineMaterials/DefaultTextMaterialOpaque.uexp" 180
"../../../Engine/Content/EngineMaterials/DefaultWhiteGrid.uasset" 181
"../../../Engine/Content/EngineMaterials/DefaultWhiteGrid.uexp" 182
"../../../Engine/Content/EngineMaterials/DefaultWhiteGrid.ubulk" 183
"../../../Engine/Content/EngineMaterials/DefaultWhiteGrid_Low.uasset" 184
"../../../Engine/Content/EngineMaterials/DefaultWhiteGrid_Low.uexp" 185
"../../../Engine/Content/EngineMaterials/EmissiveMeshMaterial.uasset" 186
"../../../Engine/Content/EngineMaterials/EmissiveMeshMaterial.uexp" 187
"../../../Engine/Content/EngineMaterials/GizmoMaterial.uasset" 188
"../../../Engine/Content/EngineMaterials/GizmoMaterial.uexp" 189
"../../../Engine/Content/EngineMaterials/Good64x64TilingNoiseHighFreq.uasset" 190
"../../../Engine/Content/EngineMaterials/Good64x64TilingNoiseHighFreq.uexp" 191
"../../../Engine/Content/EngineMaterials/MiniFont.uasset" 192
"../../../Engine/Content/EngineMaterials/MiniFont.uexp" 193
"../../../Engine/Content/EngineMaterials/InvalidLightmapSettings.uasset" 194
"../../../Engine/Content/EngineMaterials/InvalidLightmapSettings.uexp" 195
"../../../Engine/Content/EngineMaterials/InvalidLightmapSettings.ubulk" 196
"../../../Engine/Content/EngineMaterials/M_InvalidLightmapSettings.uasset" 197
"../../../Engine/Content/EngineMaterials/M_InvalidLightmapSettings.uexp" 198
"../../../Engine/Content/Functions/Engine_MaterialFunctions02/WorldPositionOffset/CameraOffset.uasset" 199
"../../../Engine/Content/Functions/Engine_MaterialFunctions02/WorldPositionOffset/CameraOffset.uexp" 200
"../../../Engine/Content/EngineMaterials/PhAT_JointLimitMaterial.uasset" 201
"../../../Engine/Content/EngineMaterials/PhAT_JointLimitMaterial.uexp" 202
"../../../Engine/Content/EngineMaterials/DefaultCalibrationColor.uasset" 203
"../../../Engine/Content/EngineMaterials/DefaultCalibrationColor.uexp" 204
"../../../Engine/Content/EngineMaterials/PPM_DefaultCalibrationColor.uasset" 205
"../../../Engine/Content/EngineMaterials/PPM_DefaultCalibrationColor.uexp" 206
"../../../Engine/Content/EngineMaterials/DefaultCalibrationGrayscale.uasset" 207
"../../../Engine/Content/EngineMaterials/DefaultCalibrationGrayscale.uexp" 208
"../../../Engine/Content/EngineMaterials/PPM_DefaultCalibrationGrayscale.uasset" 209
"../../../Engine/Content/EngineMaterials/PPM_DefaultCalibrationGrayscale.uexp" 210
"../../../Engine/Content/EngineMaterials/PreintegratedSkinBRDF.uasset" 211
"../../../Engine/Content/EngineMaterials/PreintegratedSkinBRDF.uexp" 212
"../../../Engine/Content/EngineMaterials/RemoveSurfaceMaterial.uasset" 213
"../../../Engine/Content/EngineMaterials/RemoveSurfaceMaterial.uexp" 214
"../../../Engine/Content/EngineMaterials/WeightMapPlaceholderTexture.uasset" 215
"../../../Engine/Content/EngineMaterials/WeightMapPlaceholderTexture.uexp" 216
"../../../Engine/Content/EngineResources/WhiteSquareTexture.uasset" 217
"../../../Engine/Content/EngineResources/WhiteSquareTexture.uexp" 218
"../../../Engine/Content/EngineMaterials/Widget3DPassThrough.uasset" 219
"../../../Engine/Content/EngineMaterials/Widget3DPassThrough.uexp" 220
"../../../Engine/Content/EngineMaterials/Widget3DPassThrough_Masked.uasset" 221
"../../../Engine/Content/EngineMaterials/Widget3DPassThrough_Masked.uexp" 222
"../../../Engine/Content/EngineMaterials/Widget3DPassThrough_Opaque.uasset" 223
"../../../Engine/Content/EngineMaterials/Widget3DPassThrough_Opaque.uexp" 224
"../../../Engine/Content/EngineMaterials/Widget3DPassThrough_Masked_OneSided.uasset" 225
"../../../Engine/Content/EngineMaterials/Widget3DPassThrough_Masked_OneSided.uexp" 226
"../../../Engine/Content/EngineMaterials/Widget3DPassThrough_Opaque_OneSided.uasset" 227
"../../../Engine/Content/EngineMaterials/Widget3DPassThrough_Opaque_OneSided.uexp" 228
"../../../Engine/Content/EngineMaterials/Widget3DPassThrough_Translucent.uasset" 229
"../../../Engine/Content/EngineMaterials/Widget3DPassThrough_Translucent.uexp" 230
"../../../Engine/Content/EngineMaterials/Widget3DPassThrough_Translucent_OneSided.uasset" 231
"../../../Engine/Content/EngineMaterials/Widget3DPassThrough_Translucent_OneSided.uexp" 232
"../../../Engine/Content/EngineMeshes/Cylinder.uasset" 233
"../../../Engine/Content/EngineMeshes/Cylinder.uexp" 234
"../../../Engine/Content/EngineMeshes/Sphere.uasset" 235
"../../../Engine/Content/EngineMeshes/Sphere.uexp" 236
"../../../Engine/Content/EngineResources/Black.uasset" 237
"../../../Engine/Content/EngineResources/Black.uexp" 238
"../../../Engine/Content/EngineResources/DefaultTexture.uasset" 239
"../../../Engine/Content/EngineResources/DefaultTexture.uexp" 240
"../../../Engine/Content/EngineResources/DefaultTexture.ubulk" 241
"../../../Engine/Content/EngineResources/DefaultTextureCube.uasset" 242
"../../../Engine/Content/EngineResources/DefaultTextureCube.uexp" 243
"../../../Engine/Content/EngineResources/DefaultVolumeTexture2D.uasset" 244
"../../../Engine/Content/EngineResources/DefaultVolumeTexture2D.uexp" 245
"../../../Engine/Content/EngineResources/DefaultVolumeTexture.uasset" 246
"../../../Engine/Content/EngineResources/DefaultVolumeTexture.uexp" 247
"../../../Engine/Content/EngineResources/GradientTexture0.uasset" 248
"../../../Engine/Content/EngineResources/GradientTexture0.uexp" 249
"../../../Engine/Content/EngineSky/VolumetricClouds/T_NoiseShape64.uasset" 250
"../../../Engine/Content/EngineSky/VolumetricClouds/T_NoiseShape64.uexp" 251
"../../../Engine/Content/EngineSky/VolumetricClouds/T_NoiseShape64.ubulk" 252
"../../../Engine/Content/EngineSky/VolumetricClouds/T_VolumeNoiseShape64.uasset" 253
"../../../Engine/Content/EngineSky/VolumetricClouds/T_VolumeNoiseShape64.uexp" 254
"../../../Engine/Content/EngineSky/VolumetricClouds/T_NoiseErosion.uasset" 255
"../../../Engine/Content/EngineSky/VolumetricClouds/T_NoiseErosion.uexp" 256
"../../../Engine/Content/EngineSky/VolumetricClouds/T_NoiseErosion.ubulk" 257
"../../../Engine/Content/EngineSky/VolumetricClouds/T_VolumeNoiseErosion32.uasset" 258
"../../../Engine/Content/EngineSky/VolumetricClouds/T_VolumeNoiseErosion32.uexp" 259
"../../../Engine/Content/Functions/Engine_MaterialFunctions02/Utility/MakeFloat2.uasset" 260
"../../../Engine/Content/Functions/Engine_MaterialFunctions02/Utility/MakeFloat2.uexp" 261
"../../../Engine/Content/EngineSky/VolumetricClouds/CloudWeatherTexture.uasset" 262
"../../../Engine/Content/EngineSky/VolumetricClouds/CloudWeatherTexture.uexp" 263
"../../../Engine/Content/EngineSky/VolumetricClouds/CloudGradientTexture.uasset" 264
"../../../Engine/Content/EngineSky/VolumetricClouds/CloudGradientTexture.uexp" 265
"../../../Engine/Content/EngineSky/VolumetricClouds/m_SimpleVolumetricCloud.uasset" 266
"../../../Engine/Content/EngineSky/VolumetricClouds/m_SimpleVolumetricCloud.uexp" 267
"../../../Engine/Content/EngineSky/VolumetricClouds/m_SimpleVolumetricCloud_Inst.uasset" 268
"../../../Engine/Content/EngineSky/VolumetricClouds/m_SimpleVolumetricCloud_Inst.uexp" 269
"../../../Engine/Content/EngineSounds/Master.uasset" 270
"../../../Engine/Content/EngineSounds/Master.uexp" 271
"../../../Engine/Content/Functions/Engine_MaterialFunctions01/Shading/PowerToRoughness.uasset" 272
"../../../Engine/Content/Functions/Engine_MaterialFunctions01/Shading/PowerToRoughness.uexp" 273
"../../../Engine/Content/Maps/Templates/Thumbnails/Default.uasset" 274
"../../../Engine/Content/Maps/Templates/Thumbnails/Default.uexp" 275
"../../../Engine/Content/Maps/Templates/Thumbnails/TimeOfDay.uasset" 276
"../../../Engine/Content/Maps/Templates/Thumbnails/TimeOfDay.uexp" 277
"../../../Engine/Content/Maps/Templates/Thumbnails/VR-Basic.uasset" 278
"../../../Engine/Content/Maps/Templates/Thumbnails/VR-Basic.uexp" 279
"../../../Engine/Content/MobileResources/T_MobileControls_texture.uasset" 280
"../../../Engine/Content/MobileResources/T_MobileControls_texture.uexp" 281
"../../../Engine/Content/MobileResources/T_MobileMenu2.uasset" 282
"../../../Engine/Content/MobileResources/T_MobileMenu2.uexp" 283
"../../../Engine/Content/MobileResources/HUD/AnalogHat.uasset" 284
"../../../Engine/Content/MobileResources/HUD/AnalogHat.uexp" 285
"../../../Engine/Content/MobileResources/HUD/VirtualJoystick_Thumb.uasset" 286
"../../../Engine/Content/MobileResources/HUD/VirtualJoystick_Thumb.uexp" 287
"../../../Engine/Content/MobileResources/HUD/VirtualJoystick_Background.uasset" 288
"../../../Engine/Content/MobileResources/HUD/VirtualJoystick_Background.uexp" 289
"../../../Engine/Content/MobileResources/HUD/DefaultVirtualJoysticks.uasset" 290
"../../../Engine/Content/MobileResources/HUD/DefaultVirtualJoysticks.uexp" 291
"../../../Engine/Content/MobileResources/HUD/LeftVirtualJoystickOnly.uasset" 292
"../../../Engine/Content/MobileResources/HUD/LeftVirtualJoystickOnly.uexp" 293
"../../../Engine/Content/MobileResources/HUD/MobileHUDButton1_off.uasset" 294
"../../../Engine/Content/MobileResources/HUD/MobileHUDButton1_off.uexp" 295
"../../../Engine/Content/MobileResources/HUD/MobileHUDButton1_on.uasset" 296
"../../../Engine/Content/MobileResources/HUD/MobileHUDButton1_on.uexp" 297
"../../../Engine/Content/MobileResources/HUD/MobileHUDButton2_off.uasset" 298
"../../../Engine/Content/MobileResources/HUD/MobileHUDButton2_off.uexp" 299
"../../../Engine/Content/MobileResources/HUD/MobileHUDButton2_on.uasset" 300
"../../../Engine/Content/MobileResources/HUD/MobileHUDButton2_on.uexp" 301
"../../../Engine/Content/MobileResources/HUD/MobileHUDButton3.uasset" 302
"../../../Engine/Content/MobileResources/HUD/MobileHUDButton3.uexp" 303
"../../../Engine/Content/MobileResources/HUD/MobileHUDButtonFire.uasset" 304
"../../../Engine/Content/MobileResources/HUD/MobileHUDButtonFire.uexp" 305
"../../../Engine/Content/MobileResources/HUD/MobileHUDDirectionPad.uasset" 306
"../../../Engine/Content/MobileResources/HUD/MobileHUDDirectionPad.uexp" 307
"../../../Engine/Content/MobileResources/HUD/MobileHUDDirectionPad2.uasset" 308
"../../../Engine/Content/MobileResources/HUD/MobileHUDDirectionPad2.uexp" 309
"../../../Engine/Content/MobileResources/HUD/MobileHUDDirectionPad3.uasset" 310
"../../../Engine/Content/MobileResources/HUD/MobileHUDDirectionPad3.uexp" 311
"../../../Engine/Content/MobileResources/HUD/MobileHUDDirectionStick.uasset" 312
"../../../Engine/Content/MobileResources/HUD/MobileHUDDirectionStick.uexp" 313
"../../../Engine/Content/MobileResources/HUD/T_Castle_ThumbstickInner.uasset" 314
"../../../Engine/Content/MobileResources/HUD/T_Castle_ThumbstickInner.uexp" 315
"../../../Engine/Content/MobileResources/HUD/T_Castle_ThumbstickOutter.uasset" 316
"../../../Engine/Content/MobileResources/HUD/T_Castle_ThumbstickOutter.uexp" 317
"../../../Engine/Content/Tutorial/ContentIntroCurve.uasset" 318
"../../../Engine/Content/Tutorial/ContentIntroCurve.uexp" 319
"../../../Engine/Content/Tutorial/Basics/TutorialAssets/icon_tab_Levels_40x.uasset" 320
"../../../Engine/Content/Tutorial/Basics/TutorialAssets/icon_tab_Levels_40x.uexp" 321
"../../../Engine/Content/Tutorial/Basics/TutorialAssets/CameraActor_64x.uasset" 322
"../../../Engine/Content/Tutorial/Basics/TutorialAssets/CameraActor_64x.uexp" 323
"../../../Engine/Content/Tutorial/BlueprintTutorials/TutorialAssets/Blueprint_64x.uasset" 324
"../../../Engine/Content/Tutorial/BlueprintTutorials/TutorialAssets/Blueprint_64x.uexp" 325
"../../../Engine/Content/VREditor/TransformGizmo/TranslucentTransformGizmoMaterial.uasset" 326
"../../../Engine/Content/VREditor/TransformGizmo/TranslucentTransformGizmoMaterial.uexp" 327
"../../../Engine/Content/VREditor/LaserPointer/VR_LaserPower_01.uasset" 328
"../../../Engine/Content/VREditor/LaserPointer/VR_LaserPower_01.uexp" 329
"../../../Engine/Content/VREditor/LaserPointer/VR_LaserPower_01.ubulk" 330
"../../../Engine/Content/VREditor/TransformGizmo/TransformGizmoMaterial.uasset" 331
"../../../Engine/Content/VREditor/TransformGizmo/TransformGizmoMaterial.uexp" 332
"../../../Engine/Content/VREditor/TransformGizmo/BoundingBoxCorner.uasset" 333
"../../../Engine/Content/VREditor/TransformGizmo/BoundingBoxCorner.uexp" 334
"../../../Engine/Content/VREditor/TransformGizmo/BoundingBoxEdge.uasset" 335
"../../../Engine/Content/VREditor/TransformGizmo/BoundingBoxEdge.uexp" 336
"../../../Engine/Content/VREditor/TransformGizmo/PlaneTranslationHandle.uasset" 337
"../../../Engine/Content/VREditor/TransformGizmo/PlaneTranslationHandle.uexp" 338
"../../../Engine/Content/VREditor/TransformGizmo/Xray.uasset" 339
"../../../Engine/Content/VREditor/TransformGizmo/Xray.uexp" 340
"../../../Engine/Content/VREditor/TransformGizmo/Main.uasset" 341
"../../../Engine/Content/VREditor/TransformGizmo/Main.uexp" 342
"../../../Engine/Content/VREditor/TransformGizmo/SM_Sequencer_Key.uasset" 343
"../../../Engine/Content/VREditor/TransformGizmo/SM_Sequencer_Key.uexp" 344
"../../../Engine/Content/VREditor/TransformGizmo/SM_Sequencer_Node.uasset" 345
"../../../Engine/Content/VREditor/TransformGizmo/SM_Sequencer_Node.uexp" 346
"../../../Engine/Plugins/2D/Paper2D/Content/PlaceholderTextures/DummySpriteTexture.uasset" 347
"../../../Engine/Plugins/2D/Paper2D/Content/PlaceholderTextures/DummySpriteTexture.uexp" 348
"../../../Engine/Plugins/2D/Paper2D/Content/PlaceholderTextures/DummySpriteTexture.ubulk" 349
"../../../Engine/Plugins/2D/Paper2D/Content/DummySprite.uasset" 350
"../../../Engine/Plugins/2D/Paper2D/Content/DummySprite.uexp" 351
"../../../Engine/Plugins/2D/Paper2D/Content/DefaultPaperTerrainMaterial.uasset" 352
"../../../Engine/Plugins/2D/Paper2D/Content/DefaultPaperTerrainMaterial.uexp" 353
"../../../Engine/Plugins/2D/Paper2D/Content/DefaultSpriteMaterial.uasset" 354
"../../../Engine/Plugins/2D/Paper2D/Content/DefaultSpriteMaterial.uexp" 355
"../../../Engine/Plugins/2D/Paper2D/Content/MaskedUnlitSpriteMaterial.uasset" 356
"../../../Engine/Plugins/2D/Paper2D/Content/MaskedUnlitSpriteMaterial.uexp" 357
"../../../Engine/Plugins/2D/Paper2D/Content/OpaqueUnlitSpriteMaterial.uasset" 358
"../../../Engine/Plugins/2D/Paper2D/Content/OpaqueUnlitSpriteMaterial.uexp" 359
"../../../Engine/Content/Functions/Engine_MaterialFunctions02/Utility/VectorLength.uasset" 360
"../../../Engine/Content/Functions/Engine_MaterialFunctions02/Utility/VectorLength.uexp" 361
"../../../Engine/Content/Functions/Engine_MaterialFunctions02/ObjectLocalBounds.uasset" 362
"../../../Engine/Content/Functions/Engine_MaterialFunctions02/ObjectLocalBounds.uexp" 363
"../../../Engine/Content/Functions/Engine_MaterialFunctions02/WorldPositionOffset/ObjectScale.uasset" 364
"../../../Engine/Content/Functions/Engine_MaterialFunctions02/WorldPositionOffset/ObjectScale.uexp" 365
"../../../Engine/Content/Functions/Engine_MaterialFunctions02/Utility/BreakOutFloat3Components.uasset" 366
"../../../Engine/Content/Functions/Engine_MaterialFunctions02/Utility/BreakOutFloat3Components.uexp" 367
"../../../Engine/Plugins/Editor/SpeedTreeImporter/Content/SpeedTree9/UnpackInteger3.uasset" 368
"../../../Engine/Plugins/Editor/SpeedTreeImporter/Content/SpeedTree9/UnpackInteger3.uexp" 369
"../../../Engine/Plugins/Editor/SpeedTreeImporter/Content/SpeedTree9/UnpackDirection.uasset" 370
"../../../Engine/Plugins/Editor/SpeedTreeImporter/Content/SpeedTree9/UnpackDirection.uexp" 371
"../../../Engine/Plugins/Editor/SpeedTreeImporter/Content/SpeedTree9/game_wind_noise.uasset" 372
"../../../Engine/Plugins/Editor/SpeedTreeImporter/Content/SpeedTree9/game_wind_noise.uexp" 373
"../../../Engine/Plugins/Editor/SpeedTreeImporter/Content/SpeedTree9/game_wind_noise.ubulk" 374
"../../../Engine/Content/Functions/Engine_MaterialFunctions02/SafeNormalize.uasset" 375
"../../../Engine/Content/Functions/Engine_MaterialFunctions02/SafeNormalize.uexp" 376
"../../../Engine/Plugins/Editor/SpeedTreeImporter/Content/SpeedTree9/SpeedTreeWindMotion.uasset" 377
"../../../Engine/Plugins/Editor/SpeedTreeImporter/Content/SpeedTree9/SpeedTreeWindMotion.uexp" 378
"../../../Engine/Plugins/Editor/SpeedTreeImporter/Content/SpeedTree9/SpeedTreeBranchMotion.uasset" 379
"../../../Engine/Plugins/Editor/SpeedTreeImporter/Content/SpeedTree9/SpeedTreeBranchMotion.uexp" 380
"../../../Engine/Content/Functions/Engine_MaterialFunctions02/UVs/BoundingBoxBased_0-1_UVW.uasset" 381
"../../../Engine/Content/Functions/Engine_MaterialFunctions02/UVs/BoundingBoxBased_0-1_UVW.uexp" 382
"../../../Engine/Plugins/Editor/SpeedTreeImporter/Content/SpeedTree9/SpeedTreeWind.uasset" 383
"../../../Engine/Plugins/Editor/SpeedTreeImporter/Content/SpeedTree9/SpeedTreeWind.uexp" 384
"../../../Engine/Plugins/Editor/SpeedTreeImporter/Content/SpeedTree9/SpeedTreeBillboard.uasset" 385
"../../../Engine/Plugins/Editor/SpeedTreeImporter/Content/SpeedTree9/SpeedTreeBillboard.uexp" 386
"../../../Engine/Plugins/Editor/SpeedTreeImporter/Content/SpeedTree9/EmptyNormal.uasset" 387
"../../../Engine/Plugins/Editor/SpeedTreeImporter/Content/SpeedTree9/EmptyNormal.uexp" 388
"../../../Engine/Plugins/Editor/SpeedTreeImporter/Content/SpeedTree9/Empty.uasset" 389
"../../../Engine/Plugins/Editor/SpeedTreeImporter/Content/SpeedTree9/Empty.uexp" 390
"../../../Engine/Plugins/Editor/SpeedTreeImporter/Content/SpeedTree9/SpeedTreeBillboardMaster.uasset" 391
"../../../Engine/Plugins/Editor/SpeedTreeImporter/Content/SpeedTree9/SpeedTreeBillboardMaster.uexp" 392
"../../../Engine/Plugins/Editor/SpeedTreeImporter/Content/SpeedTree9/SpeedTreeCameraFacing.uasset" 393
"../../../Engine/Plugins/Editor/SpeedTreeImporter/Content/SpeedTree9/SpeedTreeCameraFacing.uexp" 394
"../../../Engine/Plugins/Editor/SpeedTreeImporter/Content/SpeedTree9/SpeedTreeMaster.uasset" 395
"../../../Engine/Plugins/Editor/SpeedTreeImporter/Content/SpeedTree9/SpeedTreeMaster.uexp" 396
"../../../Engine/Content/BasicShapes/Cylinder.uasset" 397
"../../../Engine/Content/BasicShapes/Cylinder.uexp" 398
"../../../Engine/Content/ArtTools/RenderToTexture/Materials/Debug/M_Emissive_Color.uasset" 399
"../../../Engine/Content/ArtTools/RenderToTexture/Materials/Debug/M_Emissive_Color.uexp" 400
"E:/AAAwork/UE/LearnCPP/Plugins/PICOXR/Content/Blueprint/BP_PXR_Cubemap.uasset" 401
"E:/AAAwork/UE/LearnCPP/Plugins/PICOXR/Content/Blueprint/BP_PXR_Cubemap.uexp" 402
"E:/AAAwork/UE/LearnCPP/Plugins/PICOXR/Content/Blueprint/PHFDataTable.uasset" 403
"E:/AAAwork/UE/LearnCPP/Plugins/PICOXR/Content/Blueprint/PHFDataTable.uexp" 404
"E:/AAAwork/UE/LearnCPP/Plugins/PICOXR/Content/DevTools/TileVisualizer/Source/MF_Value2Color.uasset" 405
"E:/AAAwork/UE/LearnCPP/Plugins/PICOXR/Content/DevTools/TileVisualizer/Source/MF_Value2Color.uexp" 406
"E:/AAAwork/UE/LearnCPP/Plugins/PICOXR/Content/DevTools/TileVisualizer/Source/M_TileVisualizer.uasset" 407
"E:/AAAwork/UE/LearnCPP/Plugins/PICOXR/Content/DevTools/TileVisualizer/Source/M_TileVisualizer.uexp" 408
"../../../Engine/Content/EngineSky/T_Sky_Clouds_M.uasset" 409
"../../../Engine/Content/EngineSky/T_Sky_Clouds_M.uexp" 410
"../../../Engine/Content/EngineSky/T_Sky_Clouds_M.ubulk" 411
"../../../Engine/Content/EngineSky/T_Sky_Stars.uasset" 412
"../../../Engine/Content/EngineSky/T_Sky_Stars.uexp" 413
"../../../Engine/Content/EngineSky/T_Sky_Stars.ubulk" 414
"../../../Engine/Content/EngineSky/T_Sky_Blue.uasset" 415
"../../../Engine/Content/EngineSky/T_Sky_Blue.uexp" 416
"../../../Engine/Content/EngineSky/T_Sky_Blue.ubulk" 417
"../../../Engine/Content/EngineSky/M_Sky_Panning_Clouds2.uasset" 418
"../../../Engine/Content/EngineSky/M_Sky_Panning_Clouds2.uexp" 419
"../../../Engine/Content/EngineSky/SM_SkySphere.uasset" 420
"../../../Engine/Content/EngineSky/SM_SkySphere.uexp" 421
"E:/AAAwork/UE/LearnCPP/Plugins/PICOXR/Content/DevTools/TileVisualizer/BP_TileVisualizerComponent.uasset" 422
"E:/AAAwork/UE/LearnCPP/Plugins/PICOXR/Content/DevTools/TileVisualizer/BP_TileVisualizerComponent.uexp" 423
"E:/AAAwork/UE/LearnCPP/Plugins/PICOXR/Content/DevTools/TileVisualizer/Source/M_TileVisualizerLegend.uasset" 424
"E:/AAAwork/UE/LearnCPP/Plugins/PICOXR/Content/DevTools/TileVisualizer/Source/M_TileVisualizerLegend.uexp" 425
"E:/AAAwork/UE/LearnCPP/Plugins/PICOXR/Content/DevTools/TileVisualizer/WBP_TileVisualizerLegend.uasset" 426
"E:/AAAwork/UE/LearnCPP/Plugins/PICOXR/Content/DevTools/TileVisualizer/WBP_TileVisualizerLegend.uexp" 427
"E:/AAAwork/UE/LearnCPP/Plugins/PICOXR/Content/Textures/G2Texture/G2_Normal.uasset" 428
"E:/AAAwork/UE/LearnCPP/Plugins/PICOXR/Content/Textures/G2Texture/G2_Normal.uexp" 429
"E:/AAAwork/UE/LearnCPP/Plugins/PICOXR/Content/Materials/Mat_Controller.uasset" 430
"E:/AAAwork/UE/LearnCPP/Plugins/PICOXR/Content/Materials/Mat_Controller.uexp" 431
"E:/AAAwork/UE/LearnCPP/Plugins/PICOXR/Content/Materials/Mat_EyeMask.uasset" 432
"E:/AAAwork/UE/LearnCPP/Plugins/PICOXR/Content/Materials/Mat_EyeMask.uexp" 433
"E:/AAAwork/UE/LearnCPP/Plugins/PICOXR/Content/Materials/Mat_MRC.uasset" 434
"E:/AAAwork/UE/LearnCPP/Plugins/PICOXR/Content/Materials/Mat_MRC.uexp" 435
"E:/AAAwork/UE/LearnCPP/Plugins/PICOXR/Content/Materials/UnderlayMaterial.uasset" 436
"E:/AAAwork/UE/LearnCPP/Plugins/PICOXR/Content/Materials/UnderlayMaterial.uexp" 437
"E:/AAAwork/UE/LearnCPP/Plugins/PICOXR/Content/Materials/Hand/M_Ray.uasset" 438
"E:/AAAwork/UE/LearnCPP/Plugins/PICOXR/Content/Materials/Hand/M_Ray.uexp" 439
"E:/AAAwork/UE/LearnCPP/Plugins/PICOXR/Content/Materials/Hand/MI_Ray.uasset" 440
"E:/AAAwork/UE/LearnCPP/Plugins/PICOXR/Content/Materials/Hand/MI_Ray.uexp" 441
"E:/AAAwork/UE/LearnCPP/Plugins/PICOXR/Content/Materials/Mat_TouchPoint.uasset" 442
"E:/AAAwork/UE/LearnCPP/Plugins/PICOXR/Content/Materials/Mat_TouchPoint.uexp" 443
"E:/AAAwork/UE/LearnCPP/Plugins/PICOXR/Content/Meshes/Mesh_TouchPoint.uasset" 444
"E:/AAAwork/UE/LearnCPP/Plugins/PICOXR/Content/Meshes/Mesh_TouchPoint.uexp" 445
"E:/AAAwork/UE/LearnCPP/Plugins/PICOXR/Content/Textures/G3Texture/G3_Roughness.uasset" 446
"E:/AAAwork/UE/LearnCPP/Plugins/PICOXR/Content/Textures/G3Texture/G3_Roughness.uexp" 447
"E:/AAAwork/UE/LearnCPP/Plugins/PICOXR/Content/Textures/G3Texture/G3_Roughness.ubulk" 448
"E:/AAAwork/UE/LearnCPP/Plugins/PICOXR/Content/Textures/G3Texture/G3_Normal.uasset" 449
"E:/AAAwork/UE/LearnCPP/Plugins/PICOXR/Content/Textures/G3Texture/G3_Normal.uexp" 450
"E:/AAAwork/UE/LearnCPP/Plugins/PICOXR/Content/Textures/G3Texture/G3_Normal.ubulk" 451
"E:/AAAwork/UE/LearnCPP/Plugins/PICOXR/Content/Textures/G3Texture/G3_Metalness.uasset" 452
"E:/AAAwork/UE/LearnCPP/Plugins/PICOXR/Content/Textures/G3Texture/G3_Metalness.uexp" 453
"E:/AAAwork/UE/LearnCPP/Plugins/PICOXR/Content/Textures/G3Texture/G3_Metalness.ubulk" 454
"E:/AAAwork/UE/LearnCPP/Plugins/PICOXR/Content/Textures/G3Texture/G3_BaseColor.uasset" 455
"E:/AAAwork/UE/LearnCPP/Plugins/PICOXR/Content/Textures/G3Texture/G3_BaseColor.uexp" 456
"E:/AAAwork/UE/LearnCPP/Plugins/PICOXR/Content/Textures/G3Texture/G3_BaseColor.ubulk" 457
"E:/AAAwork/UE/LearnCPP/Plugins/PICOXR/Content/Materials/G3/Mat_G3_Controller.uasset" 458
"E:/AAAwork/UE/LearnCPP/Plugins/PICOXR/Content/Materials/G3/Mat_G3_Controller.uexp" 459
"E:/AAAwork/UE/LearnCPP/Plugins/PICOXR/Content/Meshes/G3_Controller/G3_Controller.uasset" 460
"E:/AAAwork/UE/LearnCPP/Plugins/PICOXR/Content/Meshes/G3_Controller/G3_Controller.uexp" 461
"E:/AAAwork/UE/LearnCPP/Plugins/PICOXR/Content/Meshes/G3_Controller/G3_Touchpad.uasset" 462
"E:/AAAwork/UE/LearnCPP/Plugins/PICOXR/Content/Meshes/G3_Controller/G3_Touchpad.uexp" 463
"E:/AAAwork/UE/LearnCPP/Plugins/PICOXR/Content/Meshes/G3_Controller/G3_Trigger.uasset" 464
"E:/AAAwork/UE/LearnCPP/Plugins/PICOXR/Content/Meshes/G3_Controller/G3_Trigger.uexp" 465
"E:/AAAwork/UE/LearnCPP/Plugins/PICOXR/Content/Meshes/G3_Controller/G3_Volume.uasset" 466
"E:/AAAwork/UE/LearnCPP/Plugins/PICOXR/Content/Meshes/G3_Controller/G3_Volume.uexp" 467
"E:/AAAwork/UE/LearnCPP/Plugins/PICOXR/Content/Meshes/Hand/LeftHand/S_Twohandonemesh_L.uasset" 468
"E:/AAAwork/UE/LearnCPP/Plugins/PICOXR/Content/Meshes/Hand/LeftHand/S_Twohandonemesh_L.uexp" 469
"E:/AAAwork/UE/LearnCPP/Plugins/PICOXR/Content/Meshes/Hand/LeftHand/PA_Twohandonemesh_L.uasset" 470
"E:/AAAwork/UE/LearnCPP/Plugins/PICOXR/Content/Meshes/Hand/LeftHand/PA_Twohandonemesh_L.uexp" 471
"../../../Engine/Content/Functions/Engine_MaterialFunctions02/SmoothStep.uasset" 472
"../../../Engine/Content/Functions/Engine_MaterialFunctions02/SmoothStep.uexp" 473
"E:/AAAwork/UE/LearnCPP/Plugins/PICOXR/Content/Materials/Hand/M_Outline.uasset" 474
"E:/AAAwork/UE/LearnCPP/Plugins/PICOXR/Content/Materials/Hand/M_Outline.uexp" 475
"E:/AAAwork/UE/LearnCPP/Plugins/PICOXR/Content/Materials/Hand/MI_Outline.uasset" 476
"E:/AAAwork/UE/LearnCPP/Plugins/PICOXR/Content/Materials/Hand/MI_Outline.uexp" 477
"../../../Engine/Content/Functions/Engine_MaterialFunctions02/WorldPositionOffset/LocalPosition.uasset" 478
"../../../Engine/Content/Functions/Engine_MaterialFunctions02/WorldPositionOffset/LocalPosition.uexp" 479
"E:/AAAwork/UE/LearnCPP/Plugins/PICOXR/Content/Materials/Hand/M_Hand.uasset" 480
"E:/AAAwork/UE/LearnCPP/Plugins/PICOXR/Content/Materials/Hand/M_Hand.uexp" 481
"E:/AAAwork/UE/LearnCPP/Plugins/PICOXR/Content/Materials/Hand/MI_Hand.uasset" 482
"E:/AAAwork/UE/LearnCPP/Plugins/PICOXR/Content/Materials/Hand/MI_Hand.uexp" 483
"E:/AAAwork/UE/LearnCPP/Plugins/PICOXR/Content/Meshes/Hand/LeftHand/SM_Twohandonemesh_L.uasset" 484
"E:/AAAwork/UE/LearnCPP/Plugins/PICOXR/Content/Meshes/Hand/LeftHand/SM_Twohandonemesh_L.uexp" 485
"E:/AAAwork/UE/LearnCPP/Plugins/PICOXR/Content/Meshes/Hand/RightHand/S_Twohandonemesh_r.uasset" 486
"E:/AAAwork/UE/LearnCPP/Plugins/PICOXR/Content/Meshes/Hand/RightHand/S_Twohandonemesh_r.uexp" 487
"E:/AAAwork/UE/LearnCPP/Plugins/PICOXR/Content/Meshes/Hand/RightHand/PA_Twohandonemesh_R.uasset" 488
"E:/AAAwork/UE/LearnCPP/Plugins/PICOXR/Content/Meshes/Hand/RightHand/PA_Twohandonemesh_R.uexp" 489
"E:/AAAwork/UE/LearnCPP/Plugins/PICOXR/Content/Meshes/Hand/RightHand/SM_Twohandonemesh_r.uasset" 490
"E:/AAAwork/UE/LearnCPP/Plugins/PICOXR/Content/Meshes/Hand/RightHand/SM_Twohandonemesh_r.uexp" 491
"E:/AAAwork/UE/LearnCPP/Plugins/PICOXR/Content/Meshes/PICO3_Controller/LeftController/PICO3_L_Skeleton.uasset" 492
"E:/AAAwork/UE/LearnCPP/Plugins/PICOXR/Content/Meshes/PICO3_Controller/LeftController/PICO3_L_Skeleton.uexp" 493
"E:/AAAwork/UE/LearnCPP/Plugins/PICOXR/Content/Meshes/PICO3_Controller/LeftController/PICO3_L_Idle.uasset" 494
"E:/AAAwork/UE/LearnCPP/Plugins/PICOXR/Content/Meshes/PICO3_Controller/LeftController/PICO3_L_Idle.uexp" 495
"E:/AAAwork/UE/LearnCPP/Plugins/PICOXR/Content/Meshes/PICO3_Controller/LeftController/PICO3_L_MenuDown.uasset" 496
"E:/AAAwork/UE/LearnCPP/Plugins/PICOXR/Content/Meshes/PICO3_Controller/LeftController/PICO3_L_MenuDown.uexp" 497
"E:/AAAwork/UE/LearnCPP/Plugins/PICOXR/Content/Meshes/PICO3_Controller/LeftController/PICO3_L_PicoDown.uasset" 498
"E:/AAAwork/UE/LearnCPP/Plugins/PICOXR/Content/Meshes/PICO3_Controller/LeftController/PICO3_L_PicoDown.uexp" 499
"E:/AAAwork/UE/LearnCPP/Plugins/PICOXR/Content/Meshes/PICO3_Controller/LeftController/PICO3_L_PrimaryDown.uasset" 500
"E:/AAAwork/UE/LearnCPP/Plugins/PICOXR/Content/Meshes/PICO3_Controller/LeftController/PICO3_L_PrimaryDown.uexp" 501
"E:/AAAwork/UE/LearnCPP/Plugins/PICOXR/Content/Meshes/PICO3_Controller/LeftController/PICO3_L_SecondaryDown.uasset" 502
"E:/AAAwork/UE/LearnCPP/Plugins/PICOXR/Content/Meshes/PICO3_Controller/LeftController/PICO3_L_SecondaryDown.uexp" 503
"E:/AAAwork/UE/LearnCPP/Plugins/PICOXR/Content/Meshes/PICO3_Controller/RightController/PICO3_R_Skeleton.uasset" 504
"E:/AAAwork/UE/LearnCPP/Plugins/PICOXR/Content/Meshes/PICO3_Controller/RightController/PICO3_R_Skeleton.uexp" 505
"E:/AAAwork/UE/LearnCPP/Plugins/PICOXR/Content/Meshes/PICO3_Controller/RightController/PICO3_R_Idle.uasset" 506
"E:/AAAwork/UE/LearnCPP/Plugins/PICOXR/Content/Meshes/PICO3_Controller/RightController/PICO3_R_Idle.uexp" 507
"E:/AAAwork/UE/LearnCPP/Plugins/PICOXR/Content/Meshes/PICO3_Controller/RightController/PICO3_R_MediaDown.uasset" 508
"E:/AAAwork/UE/LearnCPP/Plugins/PICOXR/Content/Meshes/PICO3_Controller/RightController/PICO3_R_MediaDown.uexp" 509
"E:/AAAwork/UE/LearnCPP/Plugins/PICOXR/Content/Meshes/PICO3_Controller/RightController/PICO3_R_PicoDown.uasset" 510
"E:/AAAwork/UE/LearnCPP/Plugins/PICOXR/Content/Meshes/PICO3_Controller/RightController/PICO3_R_PicoDown.uexp" 511
"E:/AAAwork/UE/LearnCPP/Plugins/PICOXR/Content/Meshes/PICO3_Controller/RightController/PICO3_R_PrimaryDown.uasset" 512
"E:/AAAwork/UE/LearnCPP/Plugins/PICOXR/Content/Meshes/PICO3_Controller/RightController/PICO3_R_PrimaryDown.uexp" 513
"E:/AAAwork/UE/LearnCPP/Plugins/PICOXR/Content/Meshes/PICO3_Controller/RightController/PICO3_R_SecondaryDown.uasset" 514
"E:/AAAwork/UE/LearnCPP/Plugins/PICOXR/Content/Meshes/PICO3_Controller/RightController/PICO3_R_SecondaryDown.uexp" 515
"E:/AAAwork/UE/LearnCPP/Plugins/PICOXR/Content/Textures/MRCRT_BG.uasset" 516
"E:/AAAwork/UE/LearnCPP/Plugins/PICOXR/Content/Textures/MRCRT_BG.uexp" 517
"E:/AAAwork/UE/LearnCPP/Plugins/PICOXR/Content/Textures/MRCRT_FG.uasset" 518
"E:/AAAwork/UE/LearnCPP/Plugins/PICOXR/Content/Textures/MRCRT_FG.uexp" 519
"E:/AAAwork/UE/LearnCPP/Plugins/PICOXR/Content/Textures/G2Texture/G2_Back.uasset" 520
"E:/AAAwork/UE/LearnCPP/Plugins/PICOXR/Content/Textures/G2Texture/G2_Back.uexp" 521
"E:/AAAwork/UE/LearnCPP/Plugins/PICOXR/Content/Textures/G2Texture/G2_Home.uasset" 522
"E:/AAAwork/UE/LearnCPP/Plugins/PICOXR/Content/Textures/G2Texture/G2_Home.uexp" 523
"E:/AAAwork/UE/LearnCPP/Plugins/PICOXR/Content/Textures/G2Texture/G2_Touchpad.uasset" 524
"E:/AAAwork/UE/LearnCPP/Plugins/PICOXR/Content/Textures/G2Texture/G2_Touchpad.uexp" 525
"E:/AAAwork/UE/LearnCPP/Plugins/PICOXR/Content/Textures/G2Texture/G2_Trigger.uasset" 526
"E:/AAAwork/UE/LearnCPP/Plugins/PICOXR/Content/Textures/G2Texture/G2_Trigger.uexp" 527
"E:/AAAwork/UE/LearnCPP/Plugins/PICOXR/Content/Textures/G2Texture/G2_VolumeDown.uasset" 528
"E:/AAAwork/UE/LearnCPP/Plugins/PICOXR/Content/Textures/G2Texture/G2_VolumeDown.uexp" 529
"E:/AAAwork/UE/LearnCPP/Plugins/PICOXR/Content/Textures/G2Texture/G2_VolumeUp.uasset" 530
"E:/AAAwork/UE/LearnCPP/Plugins/PICOXR/Content/Textures/G2Texture/G2_VolumeUp.uexp" 531
"E:/AAAwork/UE/LearnCPP/Plugins/PICOXR/Content/Textures/Neo2Texture/Neo2_A.uasset" 532
"E:/AAAwork/UE/LearnCPP/Plugins/PICOXR/Content/Textures/Neo2Texture/Neo2_A.uexp" 533
"E:/AAAwork/UE/LearnCPP/Plugins/PICOXR/Content/Textures/Neo2Texture/Neo2_B.uasset" 534
"E:/AAAwork/UE/LearnCPP/Plugins/PICOXR/Content/Textures/Neo2Texture/Neo2_B.uexp" 535
"E:/AAAwork/UE/LearnCPP/Plugins/PICOXR/Content/Textures/Neo2Texture/Neo2_Back.uasset" 536
"E:/AAAwork/UE/LearnCPP/Plugins/PICOXR/Content/Textures/Neo2Texture/Neo2_Back.uexp" 537
"E:/AAAwork/UE/LearnCPP/Plugins/PICOXR/Content/Textures/Neo2Texture/Neo2_Grip.uasset" 538
"E:/AAAwork/UE/LearnCPP/Plugins/PICOXR/Content/Textures/Neo2Texture/Neo2_Grip.uexp" 539
"E:/AAAwork/UE/LearnCPP/Plugins/PICOXR/Content/Textures/Neo2Texture/Neo2_Home.uasset" 540
"E:/AAAwork/UE/LearnCPP/Plugins/PICOXR/Content/Textures/Neo2Texture/Neo2_Home.uexp" 541
"E:/AAAwork/UE/LearnCPP/Plugins/PICOXR/Content/Textures/Neo2Texture/Neo2_Rocker.uasset" 542
"E:/AAAwork/UE/LearnCPP/Plugins/PICOXR/Content/Textures/Neo2Texture/Neo2_Rocker.uexp" 543
"E:/AAAwork/UE/LearnCPP/Plugins/PICOXR/Content/Textures/Neo2Texture/Neo2_Trigger.uasset" 544
"E:/AAAwork/UE/LearnCPP/Plugins/PICOXR/Content/Textures/Neo2Texture/Neo2_Trigger.uexp" 545
"E:/AAAwork/UE/LearnCPP/Plugins/PICOXR/Content/Textures/Neo2Texture/Neo2_X.uasset" 546
"E:/AAAwork/UE/LearnCPP/Plugins/PICOXR/Content/Textures/Neo2Texture/Neo2_X.uexp" 547
"E:/AAAwork/UE/LearnCPP/Plugins/PICOXR/Content/Textures/Neo2Texture/Neo2_Y.uasset" 548
"E:/AAAwork/UE/LearnCPP/Plugins/PICOXR/Content/Textures/Neo2Texture/Neo2_Y.uexp" 549
"E:/AAAwork/UE/LearnCPP/Plugins/PICOXR/Content/Textures/Neo3Texture/Neo3_A.uasset" 550
"E:/AAAwork/UE/LearnCPP/Plugins/PICOXR/Content/Textures/Neo3Texture/Neo3_A.uexp" 551
"E:/AAAwork/UE/LearnCPP/Plugins/PICOXR/Content/Textures/Neo3Texture/Neo3_B.uasset" 552
"E:/AAAwork/UE/LearnCPP/Plugins/PICOXR/Content/Textures/Neo3Texture/Neo3_B.uexp" 553
"E:/AAAwork/UE/LearnCPP/Plugins/PICOXR/Content/Textures/Neo3Texture/Neo3_Back.uasset" 554
"E:/AAAwork/UE/LearnCPP/Plugins/PICOXR/Content/Textures/Neo3Texture/Neo3_Back.uexp" 555
"E:/AAAwork/UE/LearnCPP/Plugins/PICOXR/Content/Textures/Neo3Texture/Neo3_Grip.uasset" 556
"E:/AAAwork/UE/LearnCPP/Plugins/PICOXR/Content/Textures/Neo3Texture/Neo3_Grip.uexp" 557
"E:/AAAwork/UE/LearnCPP/Plugins/PICOXR/Content/Textures/Neo3Texture/Neo3_Home.uasset" 558
"E:/AAAwork/UE/LearnCPP/Plugins/PICOXR/Content/Textures/Neo3Texture/Neo3_Home.uexp" 559
"E:/AAAwork/UE/LearnCPP/Plugins/PICOXR/Content/Textures/Neo3Texture/Neo3_Rocker.uasset" 560
"E:/AAAwork/UE/LearnCPP/Plugins/PICOXR/Content/Textures/Neo3Texture/Neo3_Rocker.uexp" 561
"E:/AAAwork/UE/LearnCPP/Plugins/PICOXR/Content/Textures/Neo3Texture/Neo3_Trigger.uasset" 562
"E:/AAAwork/UE/LearnCPP/Plugins/PICOXR/Content/Textures/Neo3Texture/Neo3_Trigger.uexp" 563
"E:/AAAwork/UE/LearnCPP/Plugins/PICOXR/Content/Textures/Neo3Texture/Neo3_X.uasset" 564
"E:/AAAwork/UE/LearnCPP/Plugins/PICOXR/Content/Textures/Neo3Texture/Neo3_X.uexp" 565
"E:/AAAwork/UE/LearnCPP/Plugins/PICOXR/Content/Textures/Neo3Texture/Neo3_Y.uasset" 566
"E:/AAAwork/UE/LearnCPP/Plugins/PICOXR/Content/Textures/Neo3Texture/Neo3_Y.uexp" 567
"E:/AAAwork/UE/LearnCPP/Plugins/PICOXR/Content/Textures/PICO_4_Textures/PICO_4_controller_Hight.uasset" 568
"E:/AAAwork/UE/LearnCPP/Plugins/PICOXR/Content/Textures/PICO_4_Textures/PICO_4_controller_Hight.uexp" 569
"E:/AAAwork/UE/LearnCPP/Plugins/PICOXR/Content/Textures/PICO_4_Textures/PICO_4_controller_Hight.ubulk" 570
"E:/AAAwork/UE/LearnCPP/Plugins/PICOXR/Content/Textures/PICO_4_Textures/PICO_4_controller_L_AO.uasset" 571
"E:/AAAwork/UE/LearnCPP/Plugins/PICOXR/Content/Textures/PICO_4_Textures/PICO_4_controller_L_AO.uexp" 572
"E:/AAAwork/UE/LearnCPP/Plugins/PICOXR/Content/Textures/PICO_4_Textures/PICO_4_controller_L_AO.ubulk" 573
"E:/AAAwork/UE/LearnCPP/Plugins/PICOXR/Content/Textures/PICO_4_Textures/PICO_4_controller_Normal.uasset" 574
"E:/AAAwork/UE/LearnCPP/Plugins/PICOXR/Content/Textures/PICO_4_Textures/PICO_4_controller_Normal.uexp" 575
"E:/AAAwork/UE/LearnCPP/Plugins/PICOXR/Content/Textures/PICO_4_Textures/PICO_4_controller_Normal.ubulk" 576
"E:/AAAwork/UE/LearnCPP/Plugins/PICOXR/Content/Textures/PICO_4_Textures/PICO_4_controller_R_AO.uasset" 577
"E:/AAAwork/UE/LearnCPP/Plugins/PICOXR/Content/Textures/PICO_4_Textures/PICO_4_controller_R_AO.uexp" 578
"E:/AAAwork/UE/LearnCPP/Plugins/PICOXR/Content/Textures/PICO_4_Textures/PICO_4_controller_R_AO.ubulk" 579
"E:/AAAwork/UE/LearnCPP/Plugins/PICOXR/Content/Textures/PowerTexture/Power0_White.uasset" 580
"E:/AAAwork/UE/LearnCPP/Plugins/PICOXR/Content/Textures/PowerTexture/Power0_White.uexp" 581
"E:/AAAwork/UE/LearnCPP/Content/MainLevel_BuiltData.uasset" 582
"E:/AAAwork/UE/LearnCPP/Content/MainLevel_BuiltData.uexp" 583
"E:/AAAwork/UE/LearnCPP/Content/MainLevel_BuiltData.ubulk" 584
"../../../Engine/Content/MapTemplates/SM_Template_Map_Floor.uasset" 585
"../../../Engine/Content/MapTemplates/SM_Template_Map_Floor.uexp" 586
"E:/AAAwork/UE/LearnCPP/Plugins/PICOXR/Content/Textures/Neo3Texture/Neo3_Normal.uasset" 587
"E:/AAAwork/UE/LearnCPP/Plugins/PICOXR/Content/Textures/Neo3Texture/Neo3_Normal.uexp" 588
"E:/AAAwork/UE/LearnCPP/Plugins/PICOXR/Content/Materials/Mat_Neo3Controller.uasset" 589
"E:/AAAwork/UE/LearnCPP/Plugins/PICOXR/Content/Materials/Mat_Neo3Controller.uexp" 590
"E:/AAAwork/UE/LearnCPP/Plugins/PICOXR/Content/Meshes/Mesh_Neo3_Left.uasset" 591
"E:/AAAwork/UE/LearnCPP/Plugins/PICOXR/Content/Meshes/Mesh_Neo3_Left.uexp" 592
"E:/AAAwork/UE/LearnCPP/Plugins/PICOXR/Content/Meshes/Mesh_Neo3_Right.uasset" 593
"E:/AAAwork/UE/LearnCPP/Plugins/PICOXR/Content/Meshes/Mesh_Neo3_Right.uexp" 594
"E:/AAAwork/UE/LearnCPP/Content/Blueprints/BP_VRPawn.uasset" 595
"E:/AAAwork/UE/LearnCPP/Content/Blueprints/BP_VRPawn.uexp" 596
"../../../Engine/Content/EditorBlueprintResources/StandardMacros.uasset" 597
"../../../Engine/Content/EditorBlueprintResources/StandardMacros.uexp" 598
"../../../Engine/Content/EngineSky/C_Sky_Zenith_Color.uasset" 599
"../../../Engine/Content/EngineSky/C_Sky_Zenith_Color.uexp" 600
"../../../Engine/Content/EngineSky/C_Sky_Horizon_Color.uasset" 601
"../../../Engine/Content/EngineSky/C_Sky_Horizon_Color.uexp" 602
"../../../Engine/Content/EngineSky/C_Sky_Cloud_Color.uasset" 603
"../../../Engine/Content/EngineSky/C_Sky_Cloud_Color.uexp" 604
"../../../Engine/Content/EngineSky/BP_Sky_Sphere.uasset" 605
"../../../Engine/Content/EngineSky/BP_Sky_Sphere.uexp" 606
"E:/AAAwork/UE/LearnCPP/Content/MainLevel.uexp" 607
"E:/AAAwork/UE/LearnCPP/Content/MainLevel.umap" 608
"../../../Engine/Content/Maps/Entry_BuiltData.uasset" 609
"../../../Engine/Content/Maps/Entry_BuiltData.uexp" 610
"../../../Engine/Content/Maps/Entry.uexp" 611
"../../../Engine/Content/Maps/Entry.umap" 612
